<?xml version="1.0" encoding="UTF-8"?>
<!-- Generated by org.testng.reporters.JUnitXMLReporter -->
<testsuite hostname="LAPTOP-LERH1RJE" name="Test" tests="4" failures="0" timestamp="18 Apr 2020 20:08:50 GMT" time="264.884" errors="0">
  <testcase name="@AfterClass writeExtentReport" time="0.0" classname="runners.MainRunner">
    <failure type="java.lang.NullPointerException">
        <![CDATA[java.lang.NullPointerException
	at pages.BasePage.copyFileUsingStream(BasePage.java:1584)
	at pages.BasePage.copyLatestExtentReport(BasePage.java:1594)
	at runners.MainRunner.writeExtentReport(MainRunner.java:31)
... Removed 24 stack frames]]>
    </failure>
  </testcase> <!-- @AfterClass writeExtentReport -->
  <testcase name="@AfterClass writeExtentReport" time="0.0" classname="runners.MainRunner2">
    <failure type="java.lang.NullPointerException">
        <![CDATA[java.lang.NullPointerException
	at pages.BasePage.copyFileUsingStream(BasePage.java:1584)
	at pages.BasePage.copyLatestExtentReport(BasePage.java:1594)
	at runners.MainRunner2.writeExtentReport(MainRunner2.java:28)
... Removed 24 stack frames]]>
    </failure>
  </testcase> <!-- @AfterClass writeExtentReport -->
  <testcase name="feature" time="69.854" classname="runners.MainRunner"/>
  <testcase name="feature" time="62.867" classname="runners.MainRunner"/>
  <testcase name="feature" time="62.704" classname="runners.MainRunner2"/>
  <testcase name="feature" time="65.015" classname="runners.MainRunner2"/>
</testsuite> <!-- Test -->
