<?xml version="1.0" encoding="UTF-8"?>
<testng-results skipped="0" failed="0" total="4" passed="4">
  <reporter-output>
  </reporter-output>
  <suite name="Suite" duration-ms="264884" started-at="2020-04-18T20:04:25Z" finished-at="2020-04-18T20:08:50Z">
    <groups>
      <group name="cucumber">
        <method signature="AbstractTestNGCucumberTests.feature(cucumber.api.testng.CucumberFeatureWrapper)[pri:0, instance:runners.MainRunner2@3f49dace]" name="feature" class="cucumber.api.testng.AbstractTestNGCucumberTests"/>
        <method signature="AbstractTestNGCucumberTests.feature(cucumber.api.testng.CucumberFeatureWrapper)[pri:0, instance:runners.MainRunner@31a5c39e]" name="feature" class="cucumber.api.testng.AbstractTestNGCucumberTests"/>
      </group> <!-- cucumber -->
    </groups>
    <test name="Test" duration-ms="264884" started-at="2020-04-18T20:04:25Z" finished-at="2020-04-18T20:08:50Z">
      <class name="runners.MainRunner2">
        <test-method status="PASS" signature="setUpClass()[pri:0, instance:runners.MainRunner2@3f49dace]" name="setUpClass" is-config="true" duration-ms="117" started-at="2020-04-18T21:06:42Z" finished-at="2020-04-18T21:06:42Z">
          <reporter-output>
          </reporter-output>
        </test-method> <!-- setUpClass -->
        <test-method status="PASS" signature="feature(cucumber.api.testng.CucumberFeatureWrapper)[pri:0, instance:runners.MainRunner2@3f49dace]" name="feature" duration-ms="62704" started-at="2020-04-18T21:06:42Z" description="Runs Cucumber Feature" data-provider="features" finished-at="2020-04-18T21:07:45Z">
          <params>
            <param index="0">
              <value>
                <![CDATA[Verifying contact us form functionality of webdriveruniversity.com]]>
              </value>
            </param>
          </params>
          <reporter-output>
          </reporter-output>
        </test-method> <!-- feature -->
        <test-method status="PASS" signature="feature(cucumber.api.testng.CucumberFeatureWrapper)[pri:0, instance:runners.MainRunner2@3f49dace]" name="feature" duration-ms="65015" started-at="2020-04-18T21:07:45Z" description="Runs Cucumber Feature" data-provider="features" finished-at="2020-04-18T21:08:50Z">
          <params>
            <param index="0">
              <value>
                <![CDATA[Verifying contact us form functionality of webdriveruniversity.com]]>
              </value>
            </param>
          </params>
          <reporter-output>
          </reporter-output>
        </test-method> <!-- feature -->
        <test-method status="FAIL" signature="writeExtentReport()[pri:0, instance:runners.MainRunner2@3f49dace]" name="writeExtentReport" is-config="true" duration-ms="0" started-at="2020-04-18T21:08:50Z" finished-at="2020-04-18T21:08:50Z">
          <exception class="java.lang.NullPointerException">
            <full-stacktrace>
                <![CDATA[java.lang.NullPointerException
	at pages.BasePage.copyFileUsingStream(BasePage.java:1584)
	at pages.BasePage.copyLatestExtentReport(BasePage.java:1594)
	at runners.MainRunner2.writeExtentReport(MainRunner2.java:28)
	at sun.reflect.NativeMethodAccessorImpl.invoke0(Native Method)
	at sun.reflect.NativeMethodAccessorImpl.invoke(NativeMethodAccessorImpl.java:62)
	at sun.reflect.DelegatingMethodAccessorImpl.invoke(DelegatingMethodAccessorImpl.java:43)
	at java.lang.reflect.Method.invoke(Method.java:498)
	at org.testng.internal.MethodInvocationHelper.invokeMethod(MethodInvocationHelper.java:86)
	at org.testng.internal.Invoker.invokeConfigurationMethod(Invoker.java:514)
	at org.testng.internal.Invoker.invokeConfigurations(Invoker.java:215)
	at org.testng.internal.Invoker.invokeConfigurations(Invoker.java:142)
	at org.testng.internal.TestMethodWorker.invokeAfterClassMethods(TestMethodWorker.java:232)
	at org.testng.internal.TestMethodWorker.run(TestMethodWorker.java:115)
	at org.testng.TestRunner.privateRun(TestRunner.java:782)
	at org.testng.TestRunner.run(TestRunner.java:632)
	at org.testng.SuiteRunner.runTest(SuiteRunner.java:366)
	at org.testng.SuiteRunner.runSequentially(SuiteRunner.java:361)
	at org.testng.SuiteRunner.privateRun(SuiteRunner.java:319)
	at org.testng.SuiteRunner.run(SuiteRunner.java:268)
	at org.testng.SuiteRunnerWorker.runSuite(SuiteRunnerWorker.java:52)
	at org.testng.SuiteRunnerWorker.run(SuiteRunnerWorker.java:86)
	at org.testng.TestNG.runSuitesSequentially(TestNG.java:1244)
	at org.testng.TestNG.runSuitesLocally(TestNG.java:1169)
	at org.testng.TestNG.run(TestNG.java:1064)
	at org.testng.remote.AbstractRemoteTestNG.run(AbstractRemoteTestNG.java:132)
	at org.testng.remote.RemoteTestNG.initAndRun(RemoteTestNG.java:236)
	at org.testng.remote.RemoteTestNG.main(RemoteTestNG.java:81)
]]>
            </full-stacktrace>
          </exception> <!-- java.lang.NullPointerException -->
          <reporter-output>
          </reporter-output>
        </test-method> <!-- writeExtentReport -->
        <test-method status="PASS" signature="tearDownClass()[pri:0, instance:runners.MainRunner2@3f49dace]" name="tearDownClass" is-config="true" duration-ms="356" started-at="2020-04-18T21:08:50Z" finished-at="2020-04-18T21:08:50Z">
          <reporter-output>
          </reporter-output>
        </test-method> <!-- tearDownClass -->
      </class> <!-- runners.MainRunner2 -->
      <class name="runners.MainRunner">
        <test-method status="PASS" signature="setUpClass()[pri:0, instance:runners.MainRunner@31a5c39e]" name="setUpClass" is-config="true" duration-ms="1905" started-at="2020-04-18T21:04:26Z" finished-at="2020-04-18T21:04:27Z">
          <reporter-output>
          </reporter-output>
        </test-method> <!-- setUpClass -->
        <test-method status="PASS" signature="feature(cucumber.api.testng.CucumberFeatureWrapper)[pri:0, instance:runners.MainRunner@31a5c39e]" name="feature" duration-ms="69854" started-at="2020-04-18T21:04:28Z" description="Runs Cucumber Feature" data-provider="features" finished-at="2020-04-18T21:05:38Z">
          <params>
            <param index="0">
              <value>
                <![CDATA[Verifying contact us form functionality of webdriveruniversity.com]]>
              </value>
            </param>
          </params>
          <reporter-output>
          </reporter-output>
        </test-method> <!-- feature -->
        <test-method status="PASS" signature="feature(cucumber.api.testng.CucumberFeatureWrapper)[pri:0, instance:runners.MainRunner@31a5c39e]" name="feature" duration-ms="62867" started-at="2020-04-18T21:05:38Z" description="Runs Cucumber Feature" data-provider="features" finished-at="2020-04-18T21:06:41Z">
          <params>
            <param index="0">
              <value>
                <![CDATA[Verifying contact us form functionality of webdriveruniversity.com]]>
              </value>
            </param>
          </params>
          <reporter-output>
          </reporter-output>
        </test-method> <!-- feature -->
        <test-method status="FAIL" signature="writeExtentReport()[pri:0, instance:runners.MainRunner@31a5c39e]" name="writeExtentReport" is-config="true" duration-ms="0" started-at="2020-04-18T21:06:41Z" finished-at="2020-04-18T21:06:41Z">
          <exception class="java.lang.NullPointerException">
            <full-stacktrace>
                <![CDATA[java.lang.NullPointerException
	at pages.BasePage.copyFileUsingStream(BasePage.java:1584)
	at pages.BasePage.copyLatestExtentReport(BasePage.java:1594)
	at runners.MainRunner.writeExtentReport(MainRunner.java:31)
	at sun.reflect.NativeMethodAccessorImpl.invoke0(Native Method)
	at sun.reflect.NativeMethodAccessorImpl.invoke(NativeMethodAccessorImpl.java:62)
	at sun.reflect.DelegatingMethodAccessorImpl.invoke(DelegatingMethodAccessorImpl.java:43)
	at java.lang.reflect.Method.invoke(Method.java:498)
	at org.testng.internal.MethodInvocationHelper.invokeMethod(MethodInvocationHelper.java:86)
	at org.testng.internal.Invoker.invokeConfigurationMethod(Invoker.java:514)
	at org.testng.internal.Invoker.invokeConfigurations(Invoker.java:215)
	at org.testng.internal.Invoker.invokeConfigurations(Invoker.java:142)
	at org.testng.internal.TestMethodWorker.invokeAfterClassMethods(TestMethodWorker.java:232)
	at org.testng.internal.TestMethodWorker.run(TestMethodWorker.java:115)
	at org.testng.TestRunner.privateRun(TestRunner.java:782)
	at org.testng.TestRunner.run(TestRunner.java:632)
	at org.testng.SuiteRunner.runTest(SuiteRunner.java:366)
	at org.testng.SuiteRunner.runSequentially(SuiteRunner.java:361)
	at org.testng.SuiteRunner.privateRun(SuiteRunner.java:319)
	at org.testng.SuiteRunner.run(SuiteRunner.java:268)
	at org.testng.SuiteRunnerWorker.runSuite(SuiteRunnerWorker.java:52)
	at org.testng.SuiteRunnerWorker.run(SuiteRunnerWorker.java:86)
	at org.testng.TestNG.runSuitesSequentially(TestNG.java:1244)
	at org.testng.TestNG.runSuitesLocally(TestNG.java:1169)
	at org.testng.TestNG.run(TestNG.java:1064)
	at org.testng.remote.AbstractRemoteTestNG.run(AbstractRemoteTestNG.java:132)
	at org.testng.remote.RemoteTestNG.initAndRun(RemoteTestNG.java:236)
	at org.testng.remote.RemoteTestNG.main(RemoteTestNG.java:81)
]]>
            </full-stacktrace>
          </exception> <!-- java.lang.NullPointerException -->
          <reporter-output>
          </reporter-output>
        </test-method> <!-- writeExtentReport -->
        <test-method status="PASS" signature="tearDownClass()[pri:0, instance:runners.MainRunner@31a5c39e]" name="tearDownClass" is-config="true" duration-ms="1468" started-at="2020-04-18T21:06:41Z" finished-at="2020-04-18T21:06:42Z">
          <reporter-output>
          </reporter-output>
        </test-method> <!-- tearDownClass -->
      </class> <!-- runners.MainRunner -->
    </test> <!-- Test -->
  </suite> <!-- Suite -->
</testng-results>
